2023-02-20 10:12:52.450 ERROR [task-management-svc-akka.actor.default-dispatcher-3] akka.remote.artery.Encoder.$anonfun$applyOrElse$1:79 - Failed to serialize message [akka.remote.artery.OutboundHandshake$HandshakeReq].
java.lang.ClassNotFoundException: com.pat.quote.model.CborSerializable
	at java.base/jdk.internal.loader.BuiltinClassLoader.loadClass(BuiltinClassLoader.java:581)
	at java.base/jdk.internal.loader.ClassLoaders$AppClassLoader.loadClass(ClassLoaders.java:178)
	at java.base/java.lang.ClassLoader.loadClass(ClassLoader.java:522)
	at java.base/java.lang.Class.forName0(Native Method)
	at java.base/java.lang.Class.forName(Class.java:398)
	at akka.actor.ReflectiveDynamicAccess.$anonfun$getClassFor$1(ReflectiveDynamicAccess.scala:29)
	at scala.util.Try$.apply(Try.scala:210)
	at akka.actor.ReflectiveDynamicAccess.getClassFor(ReflectiveDynamicAccess.scala:28)
	at akka.serialization.Serialization.$anonfun$bindings$3(Serialization.scala:438)
	at scala.collection.Iterator$$anon$9.next(Iterator.scala:584)
	at scala.collection.immutable.HashMapBuilder.addAll(HashMap.scala:2360)
	at scala.collection.immutable.HashMap$.from(HashMap.scala:2182)
	at scala.collection.immutable.HashMap$.from(HashMap.scala:2158)
	at scala.collection.MapOps$WithFilter.map(Map.scala:381)
	at akka.serialization.Serialization.<init>(Serialization.scala:436)
	at akka.serialization.SerializationExtension$.createExtension(SerializationExtension.scala:18)
	at akka.serialization.SerializationExtension$.createExtension(SerializationExtension.scala:14)
	at akka.actor.ActorSystemImpl.registerExtension(ActorSystem.scala:1165)
	at akka.actor.ActorSystemImpl.$anonfun$loadExtensions$1(ActorSystem.scala:1208)
	at scala.collection.immutable.Vector.foreach(Vector.scala:1895)
	at akka.actor.ActorSystemImpl.loadExtensions$1(ActorSystem.scala:1202)
	at akka.actor.ActorSystemImpl.loadExtensions(ActorSystem.scala:1221)
	at akka.actor.ActorSystemImpl.liftedTree2$1(ActorSystem.scala:1042)
	at akka.actor.ActorSystemImpl._start$lzycompute(ActorSystem.scala:1029)
	at akka.actor.ActorSystemImpl._start(ActorSystem.scala:1029)
	at akka.actor.ActorSystemImpl.start(ActorSystem.scala:1052)
	at akka.actor.typed.ActorSystem$.createInternal(ActorSystem.scala:290)
	at akka.actor.typed.ActorSystem$.apply(ActorSystem.scala:204)
	at com.pat.task.TaskApp$.delayedEndpoint$com$pat$task$TaskApp$1(TaskApp.scala:7)
	at com.pat.task.TaskApp$delayedInit$body.apply(TaskApp.scala:6)
	at scala.Function0.apply$mcV$sp(Function0.scala:42)
	at scala.Function0.apply$mcV$sp$(Function0.scala:42)
	at scala.runtime.AbstractFunction0.apply$mcV$sp(AbstractFunction0.scala:17)
	at scala.App.$anonfun$main$1(App.scala:98)
	at scala.App.$anonfun$main$1$adapted(App.scala:98)
	at scala.collection.IterableOnceOps.foreach(IterableOnce.scala:575)
	at scala.collection.IterableOnceOps.foreach$(IterableOnce.scala:573)
	at scala.collection.AbstractIterable.foreach(Iterable.scala:933)
	at scala.App.main(App.scala:98)
	at scala.App.main$(App.scala:96)
	at com.pat.task.TaskApp$.main(TaskApp.scala:6)
	at com.pat.task.TaskApp.main(TaskApp.scala)
2023-02-20 10:12:52.452 ERROR [task-management-svc-akka.actor.default-dispatcher-3] akka.remote.artery.Encoder.$anonfun$applyOrElse$1:79 - Failed to serialize message [akka.remote.artery.OutboundHandshake$HandshakeReq].
java.lang.ClassNotFoundException: com.pat.quote.model.CborSerializable
	at java.base/jdk.internal.loader.BuiltinClassLoader.loadClass(BuiltinClassLoader.java:581)
	at java.base/jdk.internal.loader.ClassLoaders$AppClassLoader.loadClass(ClassLoaders.java:178)
	at java.base/java.lang.ClassLoader.loadClass(ClassLoader.java:522)
	at java.base/java.lang.Class.forName0(Native Method)
	at java.base/java.lang.Class.forName(Class.java:398)
	at akka.actor.ReflectiveDynamicAccess.$anonfun$getClassFor$1(ReflectiveDynamicAccess.scala:29)
	at scala.util.Try$.apply(Try.scala:210)
	at akka.actor.ReflectiveDynamicAccess.getClassFor(ReflectiveDynamicAccess.scala:28)
	at akka.serialization.Serialization.$anonfun$bindings$3(Serialization.scala:438)
	at scala.collection.Iterator$$anon$9.next(Iterator.scala:584)
	at scala.collection.immutable.HashMapBuilder.addAll(HashMap.scala:2360)
	at scala.collection.immutable.HashMap$.from(HashMap.scala:2182)
	at scala.collection.immutable.HashMap$.from(HashMap.scala:2158)
	at scala.collection.MapOps$WithFilter.map(Map.scala:381)
	at akka.serialization.Serialization.<init>(Serialization.scala:436)
	at akka.serialization.SerializationExtension$.createExtension(SerializationExtension.scala:18)
	at akka.serialization.SerializationExtension$.createExtension(SerializationExtension.scala:14)
	at akka.actor.ActorSystemImpl.registerExtension(ActorSystem.scala:1165)
	at akka.actor.ActorSystemImpl.$anonfun$loadExtensions$1(ActorSystem.scala:1208)
	at scala.collection.immutable.Vector.foreach(Vector.scala:1895)
	at akka.actor.ActorSystemImpl.loadExtensions$1(ActorSystem.scala:1202)
	at akka.actor.ActorSystemImpl.loadExtensions(ActorSystem.scala:1221)
	at akka.actor.ActorSystemImpl.liftedTree2$1(ActorSystem.scala:1042)
	at akka.actor.ActorSystemImpl._start$lzycompute(ActorSystem.scala:1029)
	at akka.actor.ActorSystemImpl._start(ActorSystem.scala:1029)
	at akka.actor.ActorSystemImpl.start(ActorSystem.scala:1052)
	at akka.actor.typed.ActorSystem$.createInternal(ActorSystem.scala:290)
	at akka.actor.typed.ActorSystem$.apply(ActorSystem.scala:204)
	at com.pat.task.TaskApp$.delayedEndpoint$com$pat$task$TaskApp$1(TaskApp.scala:7)
	at com.pat.task.TaskApp$delayedInit$body.apply(TaskApp.scala:6)
	at scala.Function0.apply$mcV$sp(Function0.scala:42)
	at scala.Function0.apply$mcV$sp$(Function0.scala:42)
	at scala.runtime.AbstractFunction0.apply$mcV$sp(AbstractFunction0.scala:17)
	at scala.App.$anonfun$main$1(App.scala:98)
	at scala.App.$anonfun$main$1$adapted(App.scala:98)
	at scala.collection.IterableOnceOps.foreach(IterableOnce.scala:575)
	at scala.collection.IterableOnceOps.foreach$(IterableOnce.scala:573)
	at scala.collection.AbstractIterable.foreach(Iterable.scala:933)
	at scala.App.main(App.scala:98)
	at scala.App.main$(App.scala:96)
	at com.pat.task.TaskApp$.main(TaskApp.scala:6)
	at com.pat.task.TaskApp.main(TaskApp.scala)
2023-02-20 10:12:54.731 ERROR [task-management-svc-akka.actor.default-dispatcher-3] akka.remote.artery.Encoder.$anonfun$applyOrElse$1:79 - Failed to serialize message [akka.remote.artery.OutboundHandshake$HandshakeReq].
java.lang.ClassNotFoundException: com.pat.quote.model.CborSerializable
	at java.base/jdk.internal.loader.BuiltinClassLoader.loadClass(BuiltinClassLoader.java:581)
	at java.base/jdk.internal.loader.ClassLoaders$AppClassLoader.loadClass(ClassLoaders.java:178)
	at java.base/java.lang.ClassLoader.loadClass(ClassLoader.java:522)
	at java.base/java.lang.Class.forName0(Native Method)
	at java.base/java.lang.Class.forName(Class.java:398)
	at akka.actor.ReflectiveDynamicAccess.$anonfun$getClassFor$1(ReflectiveDynamicAccess.scala:29)
	at scala.util.Try$.apply(Try.scala:210)
	at akka.actor.ReflectiveDynamicAccess.getClassFor(ReflectiveDynamicAccess.scala:28)
	at akka.serialization.Serialization.$anonfun$bindings$3(Serialization.scala:438)
	at scala.collection.Iterator$$anon$9.next(Iterator.scala:584)
	at scala.collection.immutable.HashMapBuilder.addAll(HashMap.scala:2360)
	at scala.collection.immutable.HashMap$.from(HashMap.scala:2182)
	at scala.collection.immutable.HashMap$.from(HashMap.scala:2158)
	at scala.collection.MapOps$WithFilter.map(Map.scala:381)
	at akka.serialization.Serialization.<init>(Serialization.scala:436)
	at akka.serialization.SerializationExtension$.createExtension(SerializationExtension.scala:18)
	at akka.serialization.SerializationExtension$.createExtension(SerializationExtension.scala:14)
	at akka.actor.ActorSystemImpl.registerExtension(ActorSystem.scala:1165)
	at akka.actor.ActorSystemImpl.$anonfun$loadExtensions$1(ActorSystem.scala:1208)
	at scala.collection.immutable.Vector.foreach(Vector.scala:1895)
	at akka.actor.ActorSystemImpl.loadExtensions$1(ActorSystem.scala:1202)
	at akka.actor.ActorSystemImpl.loadExtensions(ActorSystem.scala:1221)
	at akka.actor.ActorSystemImpl.liftedTree2$1(ActorSystem.scala:1042)
	at akka.actor.ActorSystemImpl._start$lzycompute(ActorSystem.scala:1029)
	at akka.actor.ActorSystemImpl._start(ActorSystem.scala:1029)
	at akka.actor.ActorSystemImpl.start(ActorSystem.scala:1052)
	at akka.actor.typed.ActorSystem$.createInternal(ActorSystem.scala:290)
	at akka.actor.typed.ActorSystem$.apply(ActorSystem.scala:204)
	at com.pat.task.TaskApp2$.delayedEndpoint$com$pat$task$TaskApp2$1(TaskApp.scala:11)
	at com.pat.task.TaskApp2$delayedInit$body.apply(TaskApp.scala:10)
	at scala.Function0.apply$mcV$sp(Function0.scala:42)
	at scala.Function0.apply$mcV$sp$(Function0.scala:42)
	at scala.runtime.AbstractFunction0.apply$mcV$sp(AbstractFunction0.scala:17)
	at scala.App.$anonfun$main$1(App.scala:98)
	at scala.App.$anonfun$main$1$adapted(App.scala:98)
	at scala.collection.IterableOnceOps.foreach(IterableOnce.scala:575)
	at scala.collection.IterableOnceOps.foreach$(IterableOnce.scala:573)
	at scala.collection.AbstractIterable.foreach(Iterable.scala:933)
	at scala.App.main(App.scala:98)
	at scala.App.main$(App.scala:96)
	at com.pat.task.TaskApp2$.main(TaskApp.scala:10)
	at com.pat.task.TaskApp2.main(TaskApp.scala)
2023-02-20 10:12:54.732 ERROR [task-management-svc-akka.actor.default-dispatcher-3] akka.remote.artery.Encoder.$anonfun$applyOrElse$1:79 - Failed to serialize message [akka.remote.artery.OutboundHandshake$HandshakeReq].
java.lang.ClassNotFoundException: com.pat.quote.model.CborSerializable
	at java.base/jdk.internal.loader.BuiltinClassLoader.loadClass(BuiltinClassLoader.java:581)
	at java.base/jdk.internal.loader.ClassLoaders$AppClassLoader.loadClass(ClassLoaders.java:178)
	at java.base/java.lang.ClassLoader.loadClass(ClassLoader.java:522)
	at java.base/java.lang.Class.forName0(Native Method)
	at java.base/java.lang.Class.forName(Class.java:398)
	at akka.actor.ReflectiveDynamicAccess.$anonfun$getClassFor$1(ReflectiveDynamicAccess.scala:29)
	at scala.util.Try$.apply(Try.scala:210)
	at akka.actor.ReflectiveDynamicAccess.getClassFor(ReflectiveDynamicAccess.scala:28)
	at akka.serialization.Serialization.$anonfun$bindings$3(Serialization.scala:438)
	at scala.collection.Iterator$$anon$9.next(Iterator.scala:584)
	at scala.collection.immutable.HashMapBuilder.addAll(HashMap.scala:2360)
	at scala.collection.immutable.HashMap$.from(HashMap.scala:2182)
	at scala.collection.immutable.HashMap$.from(HashMap.scala:2158)
	at scala.collection.MapOps$WithFilter.map(Map.scala:381)
	at akka.serialization.Serialization.<init>(Serialization.scala:436)
	at akka.serialization.SerializationExtension$.createExtension(SerializationExtension.scala:18)
	at akka.serialization.SerializationExtension$.createExtension(SerializationExtension.scala:14)
	at akka.actor.ActorSystemImpl.registerExtension(ActorSystem.scala:1165)
	at akka.actor.ActorSystemImpl.$anonfun$loadExtensions$1(ActorSystem.scala:1208)
	at scala.collection.immutable.Vector.foreach(Vector.scala:1895)
	at akka.actor.ActorSystemImpl.loadExtensions$1(ActorSystem.scala:1202)
	at akka.actor.ActorSystemImpl.loadExtensions(ActorSystem.scala:1221)
	at akka.actor.ActorSystemImpl.liftedTree2$1(ActorSystem.scala:1042)
	at akka.actor.ActorSystemImpl._start$lzycompute(ActorSystem.scala:1029)
	at akka.actor.ActorSystemImpl._start(ActorSystem.scala:1029)
	at akka.actor.ActorSystemImpl.start(ActorSystem.scala:1052)
	at akka.actor.typed.ActorSystem$.createInternal(ActorSystem.scala:290)
	at akka.actor.typed.ActorSystem$.apply(ActorSystem.scala:204)
	at com.pat.task.TaskApp2$.delayedEndpoint$com$pat$task$TaskApp2$1(TaskApp.scala:11)
	at com.pat.task.TaskApp2$delayedInit$body.apply(TaskApp.scala:10)
	at scala.Function0.apply$mcV$sp(Function0.scala:42)
	at scala.Function0.apply$mcV$sp$(Function0.scala:42)
	at scala.runtime.AbstractFunction0.apply$mcV$sp(AbstractFunction0.scala:17)
	at scala.App.$anonfun$main$1(App.scala:98)
	at scala.App.$anonfun$main$1$adapted(App.scala:98)
	at scala.collection.IterableOnceOps.foreach(IterableOnce.scala:575)
	at scala.collection.IterableOnceOps.foreach$(IterableOnce.scala:573)
	at scala.collection.AbstractIterable.foreach(Iterable.scala:933)
	at scala.App.main(App.scala:98)
	at scala.App.main$(App.scala:96)
	at com.pat.task.TaskApp2$.main(TaskApp.scala:10)
	at com.pat.task.TaskApp2.main(TaskApp.scala)
